<?xml version="1.0"?>
<EncryptedData xmlns="http://www.w3.org/2001/04/xmlenc#" Type="http://www.w3.org/2001/04/xmlenc#Content">
  <EncryptionMethod Algorithm="http://www.w3.org/2001/04/xmlenc#aes256-cbc"/>
  <KeyInfo xmlns="http://www.w3.org/2000/09/xmldsig#">
    <e:EncryptedKey xmlns:e="http://www.w3.org/2001/04/xmlenc#">
      <e:EncryptionMethod Algorithm="http://www.w3.org/2001/04/xmlenc#rsa-oaep-mgf1p">
        <DigestMethod Algorithm="http://www.w3.org/2000/09/xmldsig#sha1"/>
      </e:EncryptionMethod>
      <KeyInfo>
        <ds:X509Data xmlns:ds="http://www.w3.org/2000/09/xmldsig#">
          <ds:X509IssuerSerial>
            <ds:X509IssuerName>L=Redmond,ST=Washington,C=US,O=Auth0 LLC,CN=auth0.auth0.com</ds:X509IssuerName>
            <ds:X509SerialNumber>13473959780108448158</ds:X509SerialNumber>
          </ds:X509IssuerSerial>
        </ds:X509Data>
      </KeyInfo>
      <e:CipherData>
        <e:CipherValue>g15zBw9EcF72gtnUn+vtbnHWg5du4A1UQu0lkL0if2MCfUQ2wM0W4B0Ttl8dvta5Q3GJgSib0ax7NqPbpWIzeFT0dcnt+tPNR/KrHzb/Q4zTkJYBRohPf4CUF/N2N1nYZleJkl6CD6aQMzh9RZiIZQaUHcDEOtH892DNn6L8sb/bimWk9NeWHAUmLIfEMQt4Qt0yf8wq88Ccit+NG9Um9r9pAK9RsSf/zKdrVa1b0UyV03r6ztUyQ4qeNzZ0iW2hL4lXanRNnL+wJDhvhOZXrg2/m3s57zE8oC6yzHvdO+Cp1To1QqltSAFkfhBYuXGHG00Stnc5SryN6EmjkUMyGQ==</e:CipherValue>
      </e:CipherData>
    </e:EncryptedKey>
  </KeyInfo>
  <CipherData>
    <CipherValue>9557khs52qZ+QEmpSyhF/hxEMVAFc+C89Z06PFVjc/Q=</CipherValue>
  </CipherData>
</EncryptedData>
