<xenc:EncryptedData Type="http://www.w3.org/2001/04/xmlenc#Element" xmlns:xenc="http://www.w3.org/2001/04/xmlenc#">
  <xenc:EncryptionMethod Algorithm="http://www.w3.org/2001/04/xmlenc#aes128-cbc" />
  <KeyInfo xmlns="http://www.w3.org/2000/09/xmldsig#">
  <e:EncryptedKey xmlns:e="http://www.w3.org/2001/04/xmlenc#">
    <e:EncryptionMethod Algorithm="http://www.w3.org/2001/04/xmlenc#rsa-oaep-mgf1p">
      <DigestMethod Algorithm="http://www.w3.org/2000/09/xmldsig#sha1" />
    </e:EncryptionMethod>
    <KeyInfo>
      <X509Data><X509Certificate>MIIEDzCCAvegAwIBAgIJALr9HwgrQ7GeMA0GCSqGSIb3DQEBBQUAMGIxGDAWBgNVBAMTD2F1dGgwLmF1dGgwLmNvbTESMBAGA1UEChMJQXV0aDAgTExDMQswCQYDVQQGEwJVUzETMBEGA1UECBMKV2FzaGluZ3RvbjEQMA4GA1UEBxMHUmVkbW9uZDAeFw0xMjEyMjkxNTMwNDdaFw0xMzAxMjgxNTMwNDdaMGIxGDAWBgNVBAMTD2F1dGgwLmF1dGgwLmNvbTESMBAGA1UEChMJQXV0aDAgTExDMQswCQYDVQQGEwJVUzETMBEGA1UECBMKV2FzaGluZ3RvbjEQMA4GA1UEBxMHUmVkbW9uZDCCASIwDQYJKoZIhvcNAQEBBQADggEPADCCAQoCggEBAMZiVmNHiXLldrgbS50ONNOH7pJ2zg6OcSMkYZGDZJbOZ/TqwauC6JOnI7+xtkPJsQHZSFJs4U0srjZKzDCmaz2jLAJDShP2jaXlrki16nDLPE//IGAg3BJguSmBCWpDbSm92V9hSsE+Mhx6bDaJiw8yQ+Q8iSm0aTQZtp6O4ICMu00ESdh9NJqIECELvP31ADV1Xhj7IbyyVPDFxMv3ol5BySE9wwwOFUq/wv7Xz9LRiUjUzPO+Lq3OM3o/uCDbk7jD7XrGUuOydALD8ULsXp4EuDO+nFbeXB/iKndZynuVKokirywl2nD2IP0/yncdLQZ8ByIyqP3G82fq/l8p7AsCAwEAAaOBxzCBxDAdBgNVHQ4EFgQUHI2rUXeBjTv1zAllaPGrHFcEK0YwgZQGA1UdIwSBjDCBiYAUHI2rUXeBjTv1zAllaPGrHFcEK0ahZqRkMGIxGDAWBgNVBAMTD2F1dGgwLmF1dGgwLmNvbTESMBAGA1UEChMJQXV0aDAgTExDMQswCQYDVQQGEwJVUzETMBEGA1UECBMKV2FzaGluZ3RvbjEQMA4GA1UEBxMHUmVkbW9uZIIJALr9HwgrQ7GeMAwGA1UdEwQFMAMBAf8wDQYJKoZIhvcNAQEFBQADggEBAFrXIhCy4T4eGrikb0R2wHv/uS548r3pZyBV0CDbcRwAtbnpJMvkGFqKVp4pmyoIDSVNK/j+sLEshB20XftezHZyRJbCUbtKvXQ6FsxoeZMlN0ITYKTaoBZKhUxxj90otAhNC58qwGUPqt2LewJhHyLucKkGJ1mQ3b5xKZ532ToufouH9VLhig3H1KnxWo/zMD6Ke8cCk6qO9htuhI06s3GQGS1QWQtAmm17C6TfKgDwQFZwhqHUUZnwKRH8gU6OgZsvhgV1B7H5mjZcu57KMiDBekU9MEY0DCVTN3WkmcTII668zLsJrkNX6PEfck1AMBbVE6pEUKcWwq3uaLvlAUo=</X509Certificate></X509Data>
    </KeyInfo>
    <e:CipherData>
      <e:CipherValue>WQL3bw1NQB6e0Ck/CocIDMZK64whQ1HPAl230VPLAs+WH7QOzlo6oCp57JTZpYM0Bahrt7DzGmBcrMHRL3Gvk+bi66s9PUO94vQC2jub9c+KOakM5suePehZ5KDMqnwIFKoT/+kNYDvsBIGulWSEPR7Ns1Twn+UQY6ScW+DXWWPnWjXWuwrDTuDml5LKKH51auvb1Nmo4mY9+wfbR+pTgrsCinCqM2sGKfJBc77W6zYDo3cIFSUMf5qUiN5ocRWZMscrOu3uxErXPOzkre6SYn/etu4UmTUebUaZwl2at2zAFp3xEAx7M11dMjX+oggxwmhhu2+rmBiqV2wD8WuZsw==</e:CipherValue>
    </e:CipherData>
  </e:EncryptedKey>
</KeyInfo>
  <xenc:CipherData>
    <xenc:CipherValue>ZxqSBToZ84Ktz5AGhcarDTjIhYlIIE1gMk0mWlYujEE=</xenc:CipherValue>
  </xenc:CipherData>
</xenc:EncryptedData>
